<?xml version="1.0" encoding="UTF-8"?>
<coverage generated="1761259973125" clover="3.2.0">
  <project timestamp="1761259973125" name="All files">
    <metrics statements="199" coveredstatements="189" conditionals="31" coveredconditionals="29" methods="20" coveredmethods="18" elements="250" coveredelements="236" complexity="0" loc="199" ncloc="199" packages="9" files="13" classes="13"/>
    <package name="src">
      <metrics statements="27" coveredstatements="19" conditionals="2" coveredconditionals="1" methods="2" coveredmethods="1"/>
      <file name="GifsApp.tsx" path="D:\Documentos\Programacion\react_curso\03-gifs-app\src\GifsApp.tsx">
        <metrics statements="19" coveredstatements="19" conditionals="1" coveredconditionals="1" methods="1" coveredmethods="1"/>
        <line num="1" count="1" type="stmt"/>
        <line num="2" count="1" type="stmt"/>
        <line num="4" count="1" type="stmt"/>
        <line num="5" count="1" type="stmt"/>
        <line num="7" count="1" type="stmt"/>
        <line num="9" count="1" type="cond" truecount="1" falsecount="0"/>
        <line num="10" count="1" type="stmt"/>
        <line num="12" count="1" type="stmt"/>
        <line num="13" count="1" type="stmt"/>
        <line num="15" count="1" type="stmt"/>
        <line num="16" count="1" type="stmt"/>
        <line num="17" count="1" type="stmt"/>
        <line num="21" count="1" type="stmt"/>
        <line num="23" count="1" type="stmt"/>
        <line num="24" count="1" type="stmt"/>
        <line num="25" count="1" type="stmt"/>
        <line num="26" count="1" type="stmt"/>
        <line num="29" count="1" type="stmt"/>
        <line num="32" count="1" type="stmt"/>
      </file>
      <file name="main.tsx" path="D:\Documentos\Programacion\react_curso\03-gifs-app\src\main.tsx">
        <metrics statements="8" coveredstatements="0" conditionals="1" coveredconditionals="0" methods="1" coveredmethods="0"/>
        <line num="1" count="0" type="cond" truecount="0" falsecount="1"/>
        <line num="2" count="0" type="stmt"/>
        <line num="4" count="0" type="stmt"/>
        <line num="6" count="0" type="stmt"/>
        <line num="7" count="0" type="stmt"/>
        <line num="9" count="0" type="stmt"/>
        <line num="10" count="0" type="stmt"/>
        <line num="11" count="0" type="stmt"/>
      </file>
    </package>
    <package name="src.counter.components">
      <metrics statements="22" coveredstatements="22" conditionals="1" coveredconditionals="1" methods="1" coveredmethods="1"/>
      <file name="MycounterApp.tsx" path="D:\Documentos\Programacion\react_curso\03-gifs-app\src\counter\components\MycounterApp.tsx">
        <metrics statements="22" coveredstatements="22" conditionals="1" coveredconditionals="1" methods="1" coveredmethods="1"/>
        <line num="1" count="1" type="stmt"/>
        <line num="3" count="1" type="cond" truecount="1" falsecount="0"/>
        <line num="4" count="13" type="stmt"/>
        <line num="6" count="13" type="stmt"/>
        <line num="7" count="13" type="stmt"/>
        <line num="8" count="13" type="stmt"/>
        <line num="9" count="13" type="stmt"/>
        <line num="10" count="13" type="stmt"/>
        <line num="11" count="13" type="stmt"/>
        <line num="12" count="13" type="stmt"/>
        <line num="13" count="13" type="stmt"/>
        <line num="14" count="13" type="stmt"/>
        <line num="16" count="13" type="stmt"/>
        <line num="17" count="13" type="stmt"/>
        <line num="18" count="13" type="stmt"/>
        <line num="19" count="13" type="stmt"/>
        <line num="20" count="13" type="stmt"/>
        <line num="21" count="13" type="stmt"/>
        <line num="23" count="13" type="stmt"/>
        <line num="24" count="13" type="stmt"/>
        <line num="25" count="13" type="stmt"/>
        <line num="29" count="13" type="stmt"/>
      </file>
    </package>
    <package name="src.counter.hooks">
      <metrics statements="21" coveredstatements="21" conditionals="5" coveredconditionals="5" methods="4" coveredmethods="4"/>
      <file name="useCounter.tsx" path="D:\Documentos\Programacion\react_curso\03-gifs-app\src\counter\hooks\useCounter.tsx">
        <metrics statements="21" coveredstatements="21" conditionals="5" coveredconditionals="5" methods="4" coveredmethods="4"/>
        <line num="1" count="1" type="stmt"/>
        <line num="3" count="1" type="cond" truecount="1" falsecount="0"/>
        <line num="4" count="19" type="stmt"/>
        <line num="6" count="19" type="cond" truecount="1" falsecount="0"/>
        <line num="7" count="6" type="stmt"/>
        <line num="8" count="6" type="stmt"/>
        <line num="10" count="19" type="cond" truecount="1" falsecount="0"/>
        <line num="11" count="2" type="cond" truecount="1" falsecount="0"/>
        <line num="12" count="2" type="stmt"/>
        <line num="14" count="19" type="cond" truecount="1" falsecount="0"/>
        <line num="15" count="2" type="stmt"/>
        <line num="16" count="2" type="stmt"/>
        <line num="18" count="19" type="stmt"/>
        <line num="19" count="19" type="stmt"/>
        <line num="20" count="19" type="stmt"/>
        <line num="22" count="19" type="stmt"/>
        <line num="23" count="19" type="stmt"/>
        <line num="24" count="19" type="stmt"/>
        <line num="25" count="19" type="stmt"/>
        <line num="26" count="19" type="stmt"/>
        <line num="27" count="19" type="stmt"/>
      </file>
    </package>
    <package name="src.gifs.actions">
      <metrics statements="25" coveredstatements="25" conditionals="6" coveredconditionals="6" methods="1" coveredmethods="1"/>
      <file name="get-gifs-by-query.action.ts" path="D:\Documentos\Programacion\react_curso\03-gifs-app\src\gifs\actions\get-gifs-by-query.action.ts">
        <metrics statements="25" coveredstatements="25" conditionals="6" coveredconditionals="6" methods="1" coveredmethods="1"/>
        <line num="3" count="1" type="stmt"/>
        <line num="5" count="1" type="cond" truecount="1" falsecount="0"/>
        <line num="6" count="6" type="cond" truecount="2" falsecount="0"/>
        <line num="8" count="5" type="stmt"/>
        <line num="9" count="5" type="stmt"/>
        <line num="10" count="5" type="stmt"/>
        <line num="11" count="5" type="stmt"/>
        <line num="12" count="5" type="stmt"/>
        <line num="13" count="5" type="stmt"/>
        <line num="14" count="5" type="cond" truecount="1" falsecount="0"/>
        <line num="16" count="4" type="cond" truecount="1" falsecount="0"/>
        <line num="17" count="100" type="stmt"/>
        <line num="18" count="100" type="stmt"/>
        <line num="19" count="100" type="stmt"/>
        <line num="20" count="100" type="stmt"/>
        <line num="21" count="100" type="stmt"/>
        <line num="22" count="100" type="stmt"/>
        <line num="23" count="4" type="cond" truecount="1" falsecount="0"/>
        <line num="24" count="1" type="stmt"/>
        <line num="25" count="1" type="stmt"/>
        <line num="26" count="1" type="stmt"/>
        <line num="28" count="6" type="stmt"/>
        <line num="29" count="6" type="stmt"/>
        <line num="30" count="6" type="stmt"/>
        <line num="31" count="6" type="stmt"/>
      </file>
    </package>
    <package name="src.gifs.api">
      <metrics statements="8" coveredstatements="8" conditionals="0" coveredconditionals="0" methods="0" coveredmethods="0"/>
      <file name="giphy.api.ts" path="D:\Documentos\Programacion\react_curso\03-gifs-app\src\gifs\api\giphy.api.ts">
        <metrics statements="8" coveredstatements="8" conditionals="0" coveredconditionals="0" methods="0" coveredmethods="0"/>
        <line num="1" count="1" type="stmt"/>
        <line num="3" count="1" type="stmt"/>
        <line num="4" count="1" type="stmt"/>
        <line num="5" count="1" type="stmt"/>
        <line num="6" count="1" type="stmt"/>
        <line num="7" count="1" type="stmt"/>
        <line num="8" count="1" type="stmt"/>
        <line num="9" count="1" type="stmt"/>
      </file>
    </package>
    <package name="src.gifs.components">
      <metrics statements="23" coveredstatements="23" conditionals="2" coveredconditionals="2" methods="2" coveredmethods="2"/>
      <file name="GifList.tsx" path="D:\Documentos\Programacion\react_curso\03-gifs-app\src\gifs\components\GifList.tsx">
        <metrics statements="10" coveredstatements="10" conditionals="1" coveredconditionals="1" methods="1" coveredmethods="1"/>
        <line num="7" count="1" type="cond" truecount="1" falsecount="0"/>
        <line num="8" count="1" type="stmt"/>
        <line num="9" count="1" type="stmt"/>
        <line num="10" count="1" type="stmt"/>
        <line num="11" count="1" type="stmt"/>
        <line num="12" count="1" type="stmt"/>
        <line num="13" count="1" type="stmt"/>
        <line num="14" count="1" type="stmt"/>
        <line num="15" count="1" type="stmt"/>
        <line num="21" count="1" type="stmt"/>
      </file>
      <file name="PreviousSearches.tsx" path="D:\Documentos\Programacion\react_curso\03-gifs-app\src\gifs\components\PreviousSearches.tsx">
        <metrics statements="13" coveredstatements="13" conditionals="1" coveredconditionals="1" methods="1" coveredmethods="1"/>
        <line num="7" count="1" type="cond" truecount="1" falsecount="0"/>
        <line num="8" count="1" type="stmt"/>
        <line num="9" count="1" type="stmt"/>
        <line num="10" count="1" type="stmt"/>
        <line num="11" count="1" type="stmt"/>
        <line num="12" count="1" type="stmt"/>
        <line num="13" count="1" type="stmt"/>
        <line num="14" count="1" type="stmt"/>
        <line num="15" count="1" type="stmt"/>
        <line num="16" count="1" type="stmt"/>
        <line num="17" count="1" type="stmt"/>
        <line num="18" count="1" type="stmt"/>
        <line num="24" count="1" type="stmt"/>
      </file>
    </package>
    <package name="src.gifs.hooks">
      <metrics statements="35" coveredstatements="35" conditionals="6" coveredconditionals="5" methods="3" coveredmethods="3"/>
      <file name="useGifs.tsx" path="D:\Documentos\Programacion\react_curso\03-gifs-app\src\gifs\hooks\useGifs.tsx">
        <metrics statements="35" coveredstatements="35" conditionals="6" coveredconditionals="5" methods="3" coveredmethods="3"/>
        <line num="1" count="1" type="stmt"/>
        <line num="3" count="1" type="stmt"/>
        <line num="5" count="1" type="stmt"/>
        <line num="7" count="1" type="cond" truecount="1" falsecount="0"/>
        <line num="8" count="19" type="stmt"/>
        <line num="9" count="19" type="stmt"/>
        <line num="11" count="19" type="stmt"/>
        <line num="13" count="19" type="cond" truecount="1" falsecount="0"/>
        <line num="14" count="3" type="cond" truecount="1" falsecount="0"/>
        <line num="15" count="1" type="stmt"/>
        <line num="16" count="1" type="stmt"/>
        <line num="17" count="1" type="cond" truecount="1" falsecount="0"/>
        <line num="19" count="2" type="stmt"/>
        <line num="20" count="2" type="stmt"/>
        <line num="21" count="2" type="stmt"/>
        <line num="22" count="2" type="stmt"/>
        <line num="24" count="19" type="cond" truecount="1" falsecount="0"/>
        <line num="25" count="10" type="stmt"/>
        <line num="27" count="10" type="cond" truecount="0" falsecount="1"/>
        <line num="29" count="10" type="stmt"/>
        <line num="30" count="10" type="stmt"/>
        <line num="31" count="10" type="stmt"/>
        <line num="33" count="10" type="stmt"/>
        <line num="34" count="10" type="stmt"/>
        <line num="36" count="10" type="stmt"/>
        <line num="37" count="10" type="stmt"/>
        <line num="38" count="19" type="stmt"/>
        <line num="39" count="19" type="stmt"/>
        <line num="40" count="19" type="stmt"/>
        <line num="41" count="19" type="stmt"/>
        <line num="42" count="19" type="stmt"/>
        <line num="43" count="19" type="stmt"/>
        <line num="44" count="19" type="stmt"/>
        <line num="45" count="19" type="stmt"/>
        <line num="46" count="19" type="stmt"/>
      </file>
    </package>
    <package name="src.gifs.interfaces">
      <metrics statements="0" coveredstatements="0" conditionals="2" coveredconditionals="2" methods="2" coveredmethods="2"/>
      <file name="gif.interface.ts" path="D:\Documentos\Programacion\react_curso\03-gifs-app\src\gifs\interfaces\gif.interface.ts">
        <metrics statements="0" coveredstatements="0" conditionals="1" coveredconditionals="1" methods="1" coveredmethods="1"/>
      </file>
      <file name="giphy.response.ts" path="D:\Documentos\Programacion\react_curso\03-gifs-app\src\gifs\interfaces\giphy.response.ts">
        <metrics statements="0" coveredstatements="0" conditionals="1" coveredconditionals="1" methods="1" coveredmethods="1"/>
      </file>
    </package>
    <package name="src.shared.components">
      <metrics statements="38" coveredstatements="36" conditionals="7" coveredconditionals="7" methods="5" coveredmethods="4"/>
      <file name="CustomHeader.tsx" path="D:\Documentos\Programacion\react_curso\03-gifs-app\src\shared\components\CustomHeader.tsx">
        <metrics statements="6" coveredstatements="6" conditionals="1" coveredconditionals="1" methods="1" coveredmethods="1"/>
        <line num="6" count="1" type="cond" truecount="1" falsecount="0"/>
        <line num="7" count="4" type="stmt"/>
        <line num="8" count="4" type="stmt"/>
        <line num="9" count="4" type="stmt"/>
        <line num="10" count="4" type="stmt"/>
        <line num="13" count="4" type="stmt"/>
      </file>
      <file name="SearchBar.tsx" path="D:\Documentos\Programacion\react_curso\03-gifs-app\src\shared\components\SearchBar.tsx">
        <metrics statements="32" coveredstatements="30" conditionals="6" coveredconditionals="6" methods="4" coveredmethods="3"/>
        <line num="1" count="1" type="stmt"/>
        <line num="8" count="1" type="cond" truecount="1" falsecount="0"/>
        <line num="9" count="10" type="stmt"/>
        <line num="10" count="10" type="stmt"/>
        <line num="11" count="10" type="stmt"/>
        <line num="12" count="10" type="stmt"/>
        <line num="14" count="10" type="cond" truecount="1" falsecount="0"/>
        <line num="15" count="10" type="cond" truecount="1" falsecount="0"/>
        <line num="16" count="2" type="stmt"/>
        <line num="17" count="10" type="stmt"/>
        <line num="19" count="10" type="stmt"/>
        <line num="21" count="10" type="cond" truecount="1" falsecount="0"/>
        <line num="22" count="10" type="stmt"/>
        <line num="23" count="10" type="stmt"/>
        <line num="24" count="10" type="stmt"/>
        <line num="26" count="10" type="cond" truecount="1" falsecount="0"/>
        <line num="27" count="1" type="stmt"/>
        <line num="28" count="1" type="stmt"/>
        <line num="29" count="1" type="stmt"/>
        <line num="31" count="10" type="stmt"/>
        <line num="32" count="0" type="stmt"/>
        <line num="33" count="0" type="stmt"/>
        <line num="34" count="10" type="stmt"/>
        <line num="35" count="10" type="stmt"/>
        <line num="36" count="10" type="stmt"/>
        <line num="37" count="10" type="stmt"/>
        <line num="38" count="10" type="stmt"/>
        <line num="39" count="10" type="stmt"/>
        <line num="40" count="10" type="cond" truecount="1" falsecount="0"/>
        <line num="41" count="10" type="stmt"/>
        <line num="43" count="10" type="stmt"/>
        <line num="46" count="10" type="stmt"/>
      </file>
    </package>
  </project>
</coverage>
