{"D:\\Documentos\\Programacion\\react_curso\\03-gifs-app\\src\\GifsApp.tsx": {"path":"D:\\Documentos\\Programacion\\react_curso\\03-gifs-app\\src\\GifsApp.tsx","all":false,"statementMap":{"0":{"start":{"line":1,"column":0},"end":{"line":1,"column":52}},"1":{"start":{"line":2,"column":0},"end":{"line":2,"column":70}},"3":{"start":{"line":4,"column":0},"end":{"line":4,"column":64}},"4":{"start":{"line":5,"column":0},"end":{"line":5,"column":58}},"6":{"start":{"line":7,"column":0},"end":{"line":7,"column":47}},"8":{"start":{"line":9,"column":0},"end":{"line":9,"column":30}},"9":{"start":{"line":10,"column":0},"end":{"line":10,"column":77}},"11":{"start":{"line":12,"column":0},"end":{"line":12,"column":10}},"12":{"start":{"line":13,"column":0},"end":{"line":13,"column":6}},"14":{"start":{"line":15,"column":0},"end":{"line":15,"column":19}},"15":{"start":{"line":16,"column":0},"end":{"line":16,"column":32}},"16":{"start":{"line":17,"column":0},"end":{"line":17,"column":52}},"20":{"start":{"line":21,"column":0},"end":{"line":21,"column":70}},"22":{"start":{"line":23,"column":0},"end":{"line":23,"column":23}},"23":{"start":{"line":24,"column":0},"end":{"line":24,"column":33}},"24":{"start":{"line":25,"column":0},"end":{"line":25,"column":32}},"25":{"start":{"line":26,"column":0},"end":{"line":26,"column":37}},"28":{"start":{"line":29,"column":0},"end":{"line":29,"column":29}},"31":{"start":{"line":32,"column":0},"end":{"line":32,"column":2}}},"s":{"0":1,"1":1,"3":1,"4":1,"6":1,"8":1,"9":1,"11":1,"12":1,"14":1,"15":1,"16":1,"20":1,"22":1,"23":1,"24":1,"25":1,"28":1,"31":1},"branchMap":{"0":{"type":"branch","line":9,"loc":{"start":{"line":9,"column":23},"end":{"line":32,"column":2}},"locations":[{"start":{"line":9,"column":23},"end":{"line":32,"column":2}}]}},"b":{"0":[1]},"fnMap":{"0":{"name":"GifsApp","decl":{"start":{"line":9,"column":23},"end":{"line":32,"column":2}},"loc":{"start":{"line":9,"column":23},"end":{"line":32,"column":2}},"line":9}},"f":{"0":1}}
,"D:\\Documentos\\Programacion\\react_curso\\03-gifs-app\\src\\main.tsx": {"path":"D:\\Documentos\\Programacion\\react_curso\\03-gifs-app\\src\\main.tsx","all":true,"statementMap":{"0":{"start":{"line":1,"column":0},"end":{"line":1,"column":35}},"1":{"start":{"line":2,"column":0},"end":{"line":2,"column":46}},"3":{"start":{"line":4,"column":0},"end":{"line":4,"column":36}},"5":{"start":{"line":6,"column":0},"end":{"line":6,"column":21}},"6":{"start":{"line":7,"column":0},"end":{"line":7,"column":68}},"8":{"start":{"line":9,"column":0},"end":{"line":9,"column":52}},"9":{"start":{"line":10,"column":0},"end":{"line":10,"column":14}},"10":{"start":{"line":11,"column":0},"end":{"line":11,"column":15}}},"s":{"0":0,"1":0,"3":0,"5":0,"6":0,"8":0,"9":0,"10":0},"branchMap":{"0":{"type":"branch","line":1,"loc":{"start":{"line":1,"column":345},"end":{"line":14,"column":2}},"locations":[{"start":{"line":1,"column":345},"end":{"line":14,"column":2}}]}},"b":{"0":[0]},"fnMap":{"0":{"name":"(empty-report)","decl":{"start":{"line":1,"column":345},"end":{"line":14,"column":2}},"loc":{"start":{"line":1,"column":345},"end":{"line":14,"column":2}},"line":1}},"f":{"0":0}}
,"D:\\Documentos\\Programacion\\react_curso\\03-gifs-app\\src\\counter\\components\\MycounterApp.tsx": {"path":"D:\\Documentos\\Programacion\\react_curso\\03-gifs-app\\src\\counter\\components\\MycounterApp.tsx","all":false,"statementMap":{"0":{"start":{"line":1,"column":0},"end":{"line":1,"column":49}},"2":{"start":{"line":3,"column":0},"end":{"line":3,"column":35}},"3":{"start":{"line":4,"column":0},"end":{"line":4,"column":75}},"5":{"start":{"line":6,"column":0},"end":{"line":6,"column":10}},"6":{"start":{"line":7,"column":0},"end":{"line":7,"column":8}},"7":{"start":{"line":8,"column":0},"end":{"line":8,"column":14}},"8":{"start":{"line":9,"column":0},"end":{"line":9,"column":24}},"9":{"start":{"line":10,"column":0},"end":{"line":10,"column":32}},"10":{"start":{"line":11,"column":0},"end":{"line":11,"column":29}},"11":{"start":{"line":12,"column":0},"end":{"line":12,"column":33}},"12":{"start":{"line":13,"column":0},"end":{"line":13,"column":24}},"13":{"start":{"line":14,"column":0},"end":{"line":14,"column":8}},"15":{"start":{"line":16,"column":0},"end":{"line":16,"column":33}},"16":{"start":{"line":17,"column":0},"end":{"line":17,"column":10}},"17":{"start":{"line":18,"column":0},"end":{"line":18,"column":16}},"18":{"start":{"line":19,"column":0},"end":{"line":19,"column":26}},"19":{"start":{"line":20,"column":0},"end":{"line":20,"column":22}},"20":{"start":{"line":21,"column":0},"end":{"line":21,"column":10}},"22":{"start":{"line":23,"column":0},"end":{"line":23,"column":47}},"23":{"start":{"line":24,"column":0},"end":{"line":24,"column":52}},"24":{"start":{"line":25,"column":0},"end":{"line":25,"column":52}},"28":{"start":{"line":29,"column":0},"end":{"line":29,"column":2}}},"s":{"0":1,"2":1,"3":13,"5":13,"6":13,"7":13,"8":13,"9":13,"10":13,"11":13,"12":13,"13":13,"15":13,"16":13,"17":13,"18":13,"19":13,"20":13,"22":13,"23":13,"24":13,"28":13},"branchMap":{"0":{"type":"branch","line":3,"loc":{"start":{"line":3,"column":28},"end":{"line":29,"column":2}},"locations":[{"start":{"line":3,"column":28},"end":{"line":29,"column":2}}]}},"b":{"0":[13]},"fnMap":{"0":{"name":"MyCounterApp","decl":{"start":{"line":3,"column":28},"end":{"line":29,"column":2}},"loc":{"start":{"line":3,"column":28},"end":{"line":29,"column":2}},"line":3}},"f":{"0":13}}
,"D:\\Documentos\\Programacion\\react_curso\\03-gifs-app\\src\\counter\\hooks\\useCounter.tsx": {"path":"D:\\Documentos\\Programacion\\react_curso\\03-gifs-app\\src\\counter\\hooks\\useCounter.tsx","all":false,"statementMap":{"0":{"start":{"line":1,"column":0},"end":{"line":1,"column":33}},"2":{"start":{"line":3,"column":0},"end":{"line":3,"column":58}},"3":{"start":{"line":4,"column":0},"end":{"line":4,"column":55}},"5":{"start":{"line":6,"column":0},"end":{"line":6,"column":27}},"6":{"start":{"line":7,"column":0},"end":{"line":7,"column":28}},"7":{"start":{"line":8,"column":0},"end":{"line":8,"column":4}},"9":{"start":{"line":10,"column":0},"end":{"line":10,"column":32}},"10":{"start":{"line":11,"column":0},"end":{"line":11,"column":45}},"11":{"start":{"line":12,"column":0},"end":{"line":12,"column":4}},"13":{"start":{"line":14,"column":0},"end":{"line":14,"column":29}},"14":{"start":{"line":15,"column":0},"end":{"line":15,"column":29}},"15":{"start":{"line":16,"column":0},"end":{"line":16,"column":4}},"17":{"start":{"line":18,"column":0},"end":{"line":18,"column":10}},"18":{"start":{"line":19,"column":0},"end":{"line":19,"column":12}},"19":{"start":{"line":20,"column":0},"end":{"line":20,"column":12}},"21":{"start":{"line":22,"column":0},"end":{"line":22,"column":14}},"22":{"start":{"line":23,"column":0},"end":{"line":23,"column":14}},"23":{"start":{"line":24,"column":0},"end":{"line":24,"column":19}},"24":{"start":{"line":25,"column":0},"end":{"line":25,"column":16}},"25":{"start":{"line":26,"column":0},"end":{"line":26,"column":4}},"26":{"start":{"line":27,"column":0},"end":{"line":27,"column":2}}},"s":{"0":1,"2":1,"3":19,"5":19,"6":6,"7":6,"9":19,"10":2,"11":2,"13":19,"14":2,"15":2,"17":19,"18":19,"19":19,"21":19,"22":19,"23":19,"24":19,"25":19,"26":19},"branchMap":{"0":{"type":"branch","line":3,"loc":{"start":{"line":3,"column":26},"end":{"line":27,"column":2}},"locations":[{"start":{"line":3,"column":26},"end":{"line":27,"column":2}}]},"1":{"type":"branch","line":6,"loc":{"start":{"line":6,"column":20},"end":{"line":8,"column":4}},"locations":[{"start":{"line":6,"column":20},"end":{"line":8,"column":4}}]},"2":{"type":"branch","line":10,"loc":{"start":{"line":10,"column":25},"end":{"line":12,"column":4}},"locations":[{"start":{"line":10,"column":25},"end":{"line":12,"column":4}}]},"3":{"type":"branch","line":11,"loc":{"start":{"line":11,"column":15},"end":{"line":11,"column":45}},"locations":[{"start":{"line":11,"column":15},"end":{"line":11,"column":45}}]},"4":{"type":"branch","line":14,"loc":{"start":{"line":14,"column":22},"end":{"line":16,"column":4}},"locations":[{"start":{"line":14,"column":22},"end":{"line":16,"column":4}}]}},"b":{"0":[19],"1":[6],"2":[2],"3":[2],"4":[2]},"fnMap":{"0":{"name":"useCounter","decl":{"start":{"line":3,"column":26},"end":{"line":27,"column":2}},"loc":{"start":{"line":3,"column":26},"end":{"line":27,"column":2}},"line":3},"1":{"name":"handleAdd","decl":{"start":{"line":6,"column":20},"end":{"line":8,"column":4}},"loc":{"start":{"line":6,"column":20},"end":{"line":8,"column":4}},"line":6},"2":{"name":"handleSubtract","decl":{"start":{"line":10,"column":25},"end":{"line":12,"column":4}},"loc":{"start":{"line":10,"column":25},"end":{"line":12,"column":4}},"line":10},"3":{"name":"handleReset","decl":{"start":{"line":14,"column":22},"end":{"line":16,"column":4}},"loc":{"start":{"line":14,"column":22},"end":{"line":16,"column":4}},"line":14}},"f":{"0":19,"1":6,"2":2,"3":2}}
,"D:\\Documentos\\Programacion\\react_curso\\03-gifs-app\\src\\gifs\\actions\\get-gifs-by-query.action.ts": {"path":"D:\\Documentos\\Programacion\\react_curso\\03-gifs-app\\src\\gifs\\actions\\get-gifs-by-query.action.ts","all":false,"statementMap":{"2":{"start":{"line":3,"column":0},"end":{"line":3,"column":44}},"4":{"start":{"line":5,"column":0},"end":{"line":5,"column":72}},"5":{"start":{"line":6,"column":0},"end":{"line":6,"column":43}},"7":{"start":{"line":8,"column":0},"end":{"line":8,"column":7}},"8":{"start":{"line":9,"column":0},"end":{"line":9,"column":63}},"9":{"start":{"line":10,"column":0},"end":{"line":10,"column":15}},"10":{"start":{"line":11,"column":0},"end":{"line":11,"column":17}},"11":{"start":{"line":12,"column":0},"end":{"line":12,"column":18}},"12":{"start":{"line":13,"column":0},"end":{"line":13,"column":8}},"13":{"start":{"line":14,"column":0},"end":{"line":14,"column":7}},"15":{"start":{"line":16,"column":0},"end":{"line":16,"column":45}},"16":{"start":{"line":17,"column":0},"end":{"line":17,"column":17}},"17":{"start":{"line":18,"column":0},"end":{"line":18,"column":23}},"18":{"start":{"line":19,"column":0},"end":{"line":19,"column":35}},"19":{"start":{"line":20,"column":0},"end":{"line":20,"column":47}},"20":{"start":{"line":21,"column":0},"end":{"line":21,"column":49}},"21":{"start":{"line":22,"column":0},"end":{"line":22,"column":8}},"22":{"start":{"line":23,"column":0},"end":{"line":23,"column":19}},"23":{"start":{"line":24,"column":0},"end":{"line":24,"column":25}},"24":{"start":{"line":25,"column":0},"end":{"line":25,"column":14}},"25":{"start":{"line":26,"column":0},"end":{"line":26,"column":3}},"27":{"start":{"line":28,"column":0},"end":{"line":28,"column":13}},"28":{"start":{"line":29,"column":0},"end":{"line":29,"column":116}},"29":{"start":{"line":30,"column":0},"end":{"line":30,"column":9}},"30":{"start":{"line":31,"column":0},"end":{"line":31,"column":2}}},"s":{"2":1,"4":1,"5":6,"7":5,"8":5,"9":5,"10":5,"11":5,"12":5,"13":5,"15":4,"16":100,"17":100,"18":100,"19":100,"20":100,"21":100,"22":4,"23":1,"24":1,"25":1,"27":6,"28":6,"29":6,"30":6},"branchMap":{"0":{"type":"branch","line":5,"loc":{"start":{"line":5,"column":30},"end":{"line":31,"column":2}},"locations":[{"start":{"line":5,"column":30},"end":{"line":31,"column":2}}]},"1":{"type":"branch","line":6,"loc":{"start":{"line":6,"column":33},"end":{"line":6,"column":43}},"locations":[{"start":{"line":6,"column":33},"end":{"line":6,"column":43}}]},"2":{"type":"branch","line":6,"loc":{"start":{"line":6,"column":42},"end":{"line":14,"column":7}},"locations":[{"start":{"line":6,"column":42},"end":{"line":14,"column":7}}]},"3":{"type":"branch","line":14,"loc":{"start":{"line":14,"column":4},"end":{"line":26,"column":3}},"locations":[{"start":{"line":14,"column":4},"end":{"line":26,"column":3}}]},"4":{"type":"branch","line":23,"loc":{"start":{"line":23,"column":4},"end":{"line":26,"column":3}},"locations":[{"start":{"line":23,"column":4},"end":{"line":26,"column":3}}]},"5":{"type":"branch","line":16,"loc":{"start":{"line":16,"column":34},"end":{"line":22,"column":8}},"locations":[{"start":{"line":16,"column":34},"end":{"line":22,"column":8}}]}},"b":{"0":[6],"1":[1],"2":[5],"3":[4],"4":[1],"5":[100]},"fnMap":{"0":{"name":"getGifsByQuery","decl":{"start":{"line":5,"column":30},"end":{"line":31,"column":2}},"loc":{"start":{"line":5,"column":30},"end":{"line":31,"column":2}},"line":5}},"f":{"0":6}}
,"D:\\Documentos\\Programacion\\react_curso\\03-gifs-app\\src\\gifs\\api\\giphy.api.ts": {"path":"D:\\Documentos\\Programacion\\react_curso\\03-gifs-app\\src\\gifs\\api\\giphy.api.ts","all":false,"statementMap":{"0":{"start":{"line":1,"column":0},"end":{"line":1,"column":26}},"2":{"start":{"line":3,"column":0},"end":{"line":3,"column":38}},"3":{"start":{"line":4,"column":0},"end":{"line":4,"column":43}},"4":{"start":{"line":5,"column":0},"end":{"line":5,"column":11}},"5":{"start":{"line":6,"column":0},"end":{"line":6,"column":15}},"6":{"start":{"line":7,"column":0},"end":{"line":7,"column":48}},"7":{"start":{"line":8,"column":0},"end":{"line":8,"column":4}},"8":{"start":{"line":9,"column":0},"end":{"line":9,"column":3}}},"s":{"0":1,"2":1,"3":1,"4":1,"5":1,"6":1,"7":1,"8":1},"branchMap":{},"b":{},"fnMap":{},"f":{}}
,"D:\\Documentos\\Programacion\\react_curso\\03-gifs-app\\src\\gifs\\components\\GifList.tsx": {"path":"D:\\Documentos\\Programacion\\react_curso\\03-gifs-app\\src\\gifs\\components\\GifList.tsx","all":false,"statementMap":{"6":{"start":{"line":7,"column":0},"end":{"line":7,"column":48}},"7":{"start":{"line":8,"column":0},"end":{"line":8,"column":10}},"8":{"start":{"line":9,"column":0},"end":{"line":9,"column":36}},"9":{"start":{"line":10,"column":0},"end":{"line":10,"column":61}},"10":{"start":{"line":11,"column":0},"end":{"line":11,"column":43}},"11":{"start":{"line":12,"column":0},"end":{"line":12,"column":39}},"12":{"start":{"line":13,"column":0},"end":{"line":13,"column":26}},"13":{"start":{"line":14,"column":0},"end":{"line":14,"column":13}},"14":{"start":{"line":15,"column":0},"end":{"line":15,"column":38}},"20":{"start":{"line":21,"column":0},"end":{"line":21,"column":2}}},"s":{"6":1,"7":1,"8":1,"9":1,"10":1,"11":1,"12":1,"13":1,"14":1,"20":1},"branchMap":{"0":{"type":"branch","line":7,"loc":{"start":{"line":7,"column":23},"end":{"line":21,"column":2}},"locations":[{"start":{"line":7,"column":23},"end":{"line":21,"column":2}}]}},"b":{"0":[1]},"fnMap":{"0":{"name":"GifList","decl":{"start":{"line":7,"column":23},"end":{"line":21,"column":2}},"loc":{"start":{"line":7,"column":23},"end":{"line":21,"column":2}},"line":7}},"f":{"0":1}}
,"D:\\Documentos\\Programacion\\react_curso\\03-gifs-app\\src\\gifs\\components\\PreviousSearches.tsx": {"path":"D:\\Documentos\\Programacion\\react_curso\\03-gifs-app\\src\\gifs\\components\\PreviousSearches.tsx","all":false,"statementMap":{"6":{"start":{"line":7,"column":0},"end":{"line":7,"column":34}},"7":{"start":{"line":8,"column":0},"end":{"line":8,"column":8}},"8":{"start":{"line":9,"column":0},"end":{"line":9,"column":11}},"9":{"start":{"line":10,"column":0},"end":{"line":10,"column":14}},"10":{"start":{"line":11,"column":0},"end":{"line":11,"column":30}},"11":{"start":{"line":12,"column":0},"end":{"line":12,"column":10}},"12":{"start":{"line":13,"column":0},"end":{"line":13,"column":39}},"13":{"start":{"line":14,"column":0},"end":{"line":14,"column":22}},"14":{"start":{"line":15,"column":0},"end":{"line":15,"column":45}},"15":{"start":{"line":16,"column":0},"end":{"line":16,"column":33}},"16":{"start":{"line":17,"column":0},"end":{"line":17,"column":59}},"17":{"start":{"line":18,"column":0},"end":{"line":18,"column":18}},"23":{"start":{"line":24,"column":0},"end":{"line":24,"column":2}}},"s":{"6":1,"7":1,"8":1,"9":1,"10":1,"11":1,"12":1,"13":1,"14":1,"15":1,"16":1,"17":1,"23":1},"branchMap":{"0":{"type":"branch","line":7,"loc":{"start":{"line":7,"column":32},"end":{"line":24,"column":2}},"locations":[{"start":{"line":7,"column":32},"end":{"line":24,"column":2}}]}},"b":{"0":[1]},"fnMap":{"0":{"name":"PreviousSearches","decl":{"start":{"line":7,"column":32},"end":{"line":24,"column":2}},"loc":{"start":{"line":7,"column":32},"end":{"line":24,"column":2}},"line":7}},"f":{"0":1}}
,"D:\\Documentos\\Programacion\\react_curso\\03-gifs-app\\src\\gifs\\hooks\\useGifs.tsx": {"path":"D:\\Documentos\\Programacion\\react_curso\\03-gifs-app\\src\\gifs\\hooks\\useGifs.tsx","all":false,"statementMap":{"0":{"start":{"line":1,"column":0},"end":{"line":1,"column":41}},"2":{"start":{"line":3,"column":0},"end":{"line":3,"column":69}},"4":{"start":{"line":5,"column":0},"end":{"line":5,"column":61}},"6":{"start":{"line":7,"column":0},"end":{"line":7,"column":30}},"7":{"start":{"line":8,"column":0},"end":{"line":8,"column":67}},"8":{"start":{"line":9,"column":0},"end":{"line":9,"column":46}},"10":{"start":{"line":11,"column":0},"end":{"line":11,"column":54}},"12":{"start":{"line":13,"column":0},"end":{"line":13,"column":51}},"13":{"start":{"line":14,"column":0},"end":{"line":14,"column":34}},"14":{"start":{"line":15,"column":0},"end":{"line":15,"column":39}},"15":{"start":{"line":16,"column":0},"end":{"line":16,"column":13}},"16":{"start":{"line":17,"column":0},"end":{"line":17,"column":5}},"18":{"start":{"line":19,"column":0},"end":{"line":19,"column":44}},"19":{"start":{"line":20,"column":0},"end":{"line":20,"column":18}},"20":{"start":{"line":21,"column":0},"end":{"line":21,"column":35}},"21":{"start":{"line":22,"column":0},"end":{"line":22,"column":4}},"23":{"start":{"line":24,"column":0},"end":{"line":24,"column":51}},"24":{"start":{"line":25,"column":0},"end":{"line":25,"column":45}},"26":{"start":{"line":27,"column":0},"end":{"line":27,"column":23}},"28":{"start":{"line":29,"column":0},"end":{"line":29,"column":41}},"29":{"start":{"line":30,"column":0},"end":{"line":30,"column":62}},"30":{"start":{"line":31,"column":0},"end":{"line":31,"column":5}},"32":{"start":{"line":33,"column":0},"end":{"line":33,"column":45}},"33":{"start":{"line":34,"column":0},"end":{"line":34,"column":18}},"35":{"start":{"line":36,"column":0},"end":{"line":36,"column":36}},"36":{"start":{"line":37,"column":0},"end":{"line":37,"column":4}},"37":{"start":{"line":38,"column":0},"end":{"line":38,"column":10}},"38":{"start":{"line":39,"column":0},"end":{"line":39,"column":12}},"39":{"start":{"line":40,"column":0},"end":{"line":40,"column":9}},"40":{"start":{"line":41,"column":0},"end":{"line":41,"column":18}},"41":{"start":{"line":42,"column":0},"end":{"line":42,"column":14}},"42":{"start":{"line":43,"column":0},"end":{"line":43,"column":20}},"43":{"start":{"line":44,"column":0},"end":{"line":44,"column":19}},"44":{"start":{"line":45,"column":0},"end":{"line":45,"column":4}},"45":{"start":{"line":46,"column":0},"end":{"line":46,"column":2}}},"s":{"0":1,"2":1,"4":1,"6":1,"7":19,"8":19,"10":19,"12":19,"13":3,"14":1,"15":1,"16":1,"18":2,"19":2,"20":2,"21":2,"23":19,"24":10,"26":10,"28":10,"29":10,"30":10,"32":10,"33":10,"35":10,"36":10,"37":19,"38":19,"39":19,"40":19,"41":19,"42":19,"43":19,"44":19,"45":19},"branchMap":{"0":{"type":"branch","line":7,"loc":{"start":{"line":7,"column":23},"end":{"line":46,"column":2}},"locations":[{"start":{"line":7,"column":23},"end":{"line":46,"column":2}}]},"1":{"type":"branch","line":13,"loc":{"start":{"line":13,"column":26},"end":{"line":22,"column":4}},"locations":[{"start":{"line":13,"column":26},"end":{"line":22,"column":4}}]},"2":{"type":"branch","line":14,"loc":{"start":{"line":14,"column":33},"end":{"line":17,"column":5}},"locations":[{"start":{"line":14,"column":33},"end":{"line":17,"column":5}}]},"3":{"type":"branch","line":17,"loc":{"start":{"line":17,"column":4},"end":{"line":22,"column":4}},"locations":[{"start":{"line":17,"column":4},"end":{"line":22,"column":4}}]},"4":{"type":"branch","line":24,"loc":{"start":{"line":24,"column":25},"end":{"line":37,"column":4}},"locations":[{"start":{"line":24,"column":25},"end":{"line":37,"column":4}}]},"5":{"type":"branch","line":27,"loc":{"start":{"line":27,"column":16},"end":{"line":27,"column":23}},"locations":[{"start":{"line":27,"column":16},"end":{"line":27,"column":23}}]}},"b":{"0":[19],"1":[3],"2":[1],"3":[2],"4":[10],"5":[0]},"fnMap":{"0":{"name":"useGifs","decl":{"start":{"line":7,"column":23},"end":{"line":46,"column":2}},"loc":{"start":{"line":7,"column":23},"end":{"line":46,"column":2}},"line":7},"1":{"name":"handleTermClick","decl":{"start":{"line":13,"column":26},"end":{"line":22,"column":4}},"loc":{"start":{"line":13,"column":26},"end":{"line":22,"column":4}},"line":13},"2":{"name":"handleOnSearch","decl":{"start":{"line":24,"column":25},"end":{"line":37,"column":4}},"loc":{"start":{"line":24,"column":25},"end":{"line":37,"column":4}},"line":24}},"f":{"0":19,"1":3,"2":10}}
,"D:\\Documentos\\Programacion\\react_curso\\03-gifs-app\\src\\gifs\\interfaces\\gif.interface.ts": {"path":"D:\\Documentos\\Programacion\\react_curso\\03-gifs-app\\src\\gifs\\interfaces\\gif.interface.ts","all":true,"statementMap":{},"s":{},"branchMap":{"0":{"type":"branch","line":1,"loc":{"start":{"line":1,"column":111},"end":{"line":7,"column":1}},"locations":[{"start":{"line":1,"column":111},"end":{"line":7,"column":1}}]}},"b":{"0":[1]},"fnMap":{"0":{"name":"(empty-report)","decl":{"start":{"line":1,"column":111},"end":{"line":7,"column":1}},"loc":{"start":{"line":1,"column":111},"end":{"line":7,"column":1}},"line":1}},"f":{"0":1}}
,"D:\\Documentos\\Programacion\\react_curso\\03-gifs-app\\src\\gifs\\interfaces\\giphy.response.ts": {"path":"D:\\Documentos\\Programacion\\react_curso\\03-gifs-app\\src\\gifs\\interfaces\\giphy.response.ts","all":true,"statementMap":{},"s":{},"branchMap":{"0":{"type":"branch","line":1,"loc":{"start":{"line":1,"column":1931},"end":{"line":96,"column":1}},"locations":[{"start":{"line":1,"column":1931},"end":{"line":96,"column":1}}]}},"b":{"0":[1]},"fnMap":{"0":{"name":"(empty-report)","decl":{"start":{"line":1,"column":1931},"end":{"line":96,"column":1}},"loc":{"start":{"line":1,"column":1931},"end":{"line":96,"column":1}},"line":1}},"f":{"0":1}}
,"D:\\Documentos\\Programacion\\react_curso\\03-gifs-app\\src\\shared\\components\\CustomHeader.tsx": {"path":"D:\\Documentos\\Programacion\\react_curso\\03-gifs-app\\src\\shared\\components\\CustomHeader.tsx","all":false,"statementMap":{"5":{"start":{"line":6,"column":0},"end":{"line":6,"column":76}},"6":{"start":{"line":7,"column":0},"end":{"line":7,"column":10}},"7":{"start":{"line":8,"column":0},"end":{"line":8,"column":36}},"8":{"start":{"line":9,"column":0},"end":{"line":9,"column":22}},"9":{"start":{"line":10,"column":0},"end":{"line":10,"column":45}},"12":{"start":{"line":13,"column":0},"end":{"line":13,"column":2}}},"s":{"5":1,"6":4,"7":4,"8":4,"9":4,"12":4},"branchMap":{"0":{"type":"branch","line":6,"loc":{"start":{"line":6,"column":28},"end":{"line":13,"column":2}},"locations":[{"start":{"line":6,"column":28},"end":{"line":13,"column":2}}]}},"b":{"0":[4]},"fnMap":{"0":{"name":"CustomHeader","decl":{"start":{"line":6,"column":28},"end":{"line":13,"column":2}},"loc":{"start":{"line":6,"column":28},"end":{"line":13,"column":2}},"line":6}},"f":{"0":4}}
,"D:\\Documentos\\Programacion\\react_curso\\03-gifs-app\\src\\shared\\components\\SearchBar.tsx": {"path":"D:\\Documentos\\Programacion\\react_curso\\03-gifs-app\\src\\shared\\components\\SearchBar.tsx","all":false,"statementMap":{"0":{"start":{"line":1,"column":0},"end":{"line":1,"column":64}},"7":{"start":{"line":8,"column":0},"end":{"line":8,"column":27}},"8":{"start":{"line":9,"column":0},"end":{"line":9,"column":28}},"9":{"start":{"line":10,"column":0},"end":{"line":10,"column":10}},"10":{"start":{"line":11,"column":0},"end":{"line":11,"column":23}},"11":{"start":{"line":12,"column":0},"end":{"line":12,"column":41}},"13":{"start":{"line":14,"column":0},"end":{"line":14,"column":19}},"14":{"start":{"line":15,"column":0},"end":{"line":15,"column":40}},"15":{"start":{"line":16,"column":0},"end":{"line":16,"column":21}},"16":{"start":{"line":17,"column":0},"end":{"line":17,"column":12}},"18":{"start":{"line":19,"column":0},"end":{"line":19,"column":22}},"20":{"start":{"line":21,"column":0},"end":{"line":21,"column":18}},"21":{"start":{"line":22,"column":0},"end":{"line":22,"column":30}},"22":{"start":{"line":23,"column":0},"end":{"line":23,"column":6}},"23":{"start":{"line":24,"column":0},"end":{"line":24,"column":23}},"25":{"start":{"line":26,"column":0},"end":{"line":26,"column":30}},"26":{"start":{"line":27,"column":0},"end":{"line":27,"column":19}},"27":{"start":{"line":28,"column":0},"end":{"line":28,"column":17}},"28":{"start":{"line":29,"column":0},"end":{"line":29,"column":4}},"30":{"start":{"line":31,"column":0},"end":{"line":31,"column":69}},"31":{"start":{"line":32,"column":0},"end":{"line":32,"column":46}},"32":{"start":{"line":33,"column":0},"end":{"line":33,"column":4}},"33":{"start":{"line":34,"column":0},"end":{"line":34,"column":10}},"34":{"start":{"line":35,"column":0},"end":{"line":35,"column":38}},"35":{"start":{"line":36,"column":0},"end":{"line":36,"column":12}},"36":{"start":{"line":37,"column":0},"end":{"line":37,"column":19}},"37":{"start":{"line":38,"column":0},"end":{"line":38,"column":33}},"38":{"start":{"line":39,"column":0},"end":{"line":39,"column":21}},"39":{"start":{"line":40,"column":0},"end":{"line":40,"column":58}},"40":{"start":{"line":41,"column":0},"end":{"line":41,"column":33}},"42":{"start":{"line":43,"column":0},"end":{"line":43,"column":54}},"45":{"start":{"line":46,"column":0},"end":{"line":46,"column":2}}},"s":{"0":1,"7":1,"8":10,"9":10,"10":10,"11":10,"13":10,"14":10,"15":2,"16":10,"18":10,"20":10,"21":10,"22":10,"23":10,"25":10,"26":1,"27":1,"28":1,"30":10,"31":0,"32":0,"33":10,"34":10,"35":10,"36":10,"37":10,"38":10,"39":10,"40":10,"42":10,"45":10},"branchMap":{"0":{"type":"branch","line":8,"loc":{"start":{"line":8,"column":25},"end":{"line":46,"column":2}},"locations":[{"start":{"line":8,"column":25},"end":{"line":46,"column":2}}]},"1":{"type":"branch","line":14,"loc":{"start":{"line":14,"column":12},"end":{"line":24,"column":5}},"locations":[{"start":{"line":14,"column":12},"end":{"line":24,"column":5}}]},"2":{"type":"branch","line":15,"loc":{"start":{"line":15,"column":33},"end":{"line":17,"column":7}},"locations":[{"start":{"line":15,"column":33},"end":{"line":17,"column":7}}]},"3":{"type":"branch","line":21,"loc":{"start":{"line":21,"column":11},"end":{"line":23,"column":6}},"locations":[{"start":{"line":21,"column":11},"end":{"line":23,"column":6}}]},"4":{"type":"branch","line":26,"loc":{"start":{"line":26,"column":23},"end":{"line":29,"column":4}},"locations":[{"start":{"line":26,"column":23},"end":{"line":29,"column":4}}]},"5":{"type":"branch","line":40,"loc":{"start":{"line":40,"column":18},"end":{"line":40,"column":58}},"locations":[{"start":{"line":40,"column":18},"end":{"line":40,"column":58}}]}},"b":{"0":[10],"1":[10],"2":[2],"3":[10],"4":[1],"5":[3]},"fnMap":{"0":{"name":"SearchBar","decl":{"start":{"line":8,"column":25},"end":{"line":46,"column":2}},"loc":{"start":{"line":8,"column":25},"end":{"line":46,"column":2}},"line":8},"1":{"name":"handleSearch","decl":{"start":{"line":26,"column":23},"end":{"line":29,"column":4}},"loc":{"start":{"line":26,"column":23},"end":{"line":29,"column":4}},"line":26},"2":{"name":"handleKeyDown","decl":{"start":{"line":31,"column":24},"end":{"line":33,"column":4}},"loc":{"start":{"line":31,"column":24},"end":{"line":33,"column":4}},"line":31},"3":{"name":"onChange","decl":{"start":{"line":40,"column":18},"end":{"line":40,"column":58}},"loc":{"start":{"line":40,"column":18},"end":{"line":40,"column":58}},"line":40}},"f":{"0":10,"1":1,"2":0,"3":3}}
}
