{"D:\\Documentos\\Programacion\\react_curso\\02-first-steps\\src\\MyAwesomeApp.tsx": {"path":"D:\\Documentos\\Programacion\\react_curso\\02-first-steps\\src\\MyAwesomeApp.tsx","all":false,"statementMap":{"2":{"start":{"line":3,"column":0},"end":{"line":3,"column":29}},"3":{"start":{"line":4,"column":0},"end":{"line":4,"column":27}},"5":{"start":{"line":6,"column":0},"end":{"line":6,"column":52}},"6":{"start":{"line":7,"column":0},"end":{"line":7,"column":22}},"8":{"start":{"line":9,"column":0},"end":{"line":9,"column":17}},"9":{"start":{"line":10,"column":0},"end":{"line":10,"column":24}},"10":{"start":{"line":11,"column":0},"end":{"line":11,"column":20}},"11":{"start":{"line":12,"column":0},"end":{"line":12,"column":17}},"12":{"start":{"line":13,"column":0},"end":{"line":13,"column":2}},"14":{"start":{"line":15,"column":0},"end":{"line":15,"column":32}},"15":{"start":{"line":16,"column":0},"end":{"line":16,"column":46}},"16":{"start":{"line":17,"column":0},"end":{"line":17,"column":22}},"17":{"start":{"line":18,"column":0},"end":{"line":18,"column":14}},"18":{"start":{"line":19,"column":0},"end":{"line":19,"column":2}},"20":{"start":{"line":21,"column":0},"end":{"line":21,"column":35}},"23":{"start":{"line":24,"column":0},"end":{"line":24,"column":10}},"24":{"start":{"line":25,"column":0},"end":{"line":25,"column":9}},"25":{"start":{"line":26,"column":0},"end":{"line":26,"column":28}},"26":{"start":{"line":27,"column":0},"end":{"line":27,"column":27}},"27":{"start":{"line":28,"column":0},"end":{"line":28,"column":22}},"28":{"start":{"line":29,"column":0},"end":{"line":29,"column":67}},"30":{"start":{"line":31,"column":0},"end":{"line":31,"column":48}},"31":{"start":{"line":32,"column":0},"end":{"line":32,"column":54}},"34":{"start":{"line":35,"column":0},"end":{"line":35,"column":2}},"36":{"start":{"line":37,"column":0},"end":{"line":37,"column":35}},"37":{"start":{"line":38,"column":0},"end":{"line":38,"column":13}},"38":{"start":{"line":39,"column":0},"end":{"line":39,"column":9}},"39":{"start":{"line":40,"column":0},"end":{"line":40,"column":26}},"40":{"start":{"line":41,"column":0},"end":{"line":41,"column":25}},"41":{"start":{"line":42,"column":0},"end":{"line":42,"column":10}},"42":{"start":{"line":43,"column":0},"end":{"line":43,"column":7}},"43":{"start":{"line":44,"column":0},"end":{"line":44,"column":4}},"45":{"start":{"line":46,"column":0},"end":{"line":46,"column":37}}},"s":{"2":1,"3":1,"5":1,"6":1,"8":1,"9":1,"10":1,"11":1,"12":1,"14":1,"15":1,"16":1,"17":1,"18":1,"20":1,"23":2,"24":2,"25":2,"26":2,"27":2,"28":2,"30":2,"31":2,"34":2,"36":1,"37":1,"38":1,"39":1,"40":1,"41":1,"42":1,"43":1,"45":1},"branchMap":{"0":{"type":"branch","line":16,"loc":{"start":{"line":16,"column":30},"end":{"line":16,"column":46}},"locations":[{"start":{"line":16,"column":30},"end":{"line":16,"column":46}}]},"1":{"type":"branch","line":21,"loc":{"start":{"line":21,"column":28},"end":{"line":35,"column":2}},"locations":[{"start":{"line":21,"column":28},"end":{"line":35,"column":2}}]},"2":{"type":"branch","line":31,"loc":{"start":{"line":31,"column":22},"end":{"line":31,"column":48}},"locations":[{"start":{"line":31,"column":22},"end":{"line":31,"column":48}}]}},"b":{"0":[0],"1":[2],"2":[0]},"fnMap":{"0":{"name":"MyAwesomeApp","decl":{"start":{"line":21,"column":28},"end":{"line":35,"column":2}},"loc":{"start":{"line":21,"column":28},"end":{"line":35,"column":2}},"line":21}},"f":{"0":2}}
,"D:\\Documentos\\Programacion\\react_curso\\02-first-steps\\src\\firstStepsApp.tsx": {"path":"D:\\Documentos\\Programacion\\react_curso\\02-first-steps\\src\\firstStepsApp.tsx","all":false,"statementMap":{"0":{"start":{"line":1,"column":0},"end":{"line":1,"column":58}},"7":{"start":{"line":8,"column":0},"end":{"line":8,"column":35}},"8":{"start":{"line":9,"column":0},"end":{"line":9,"column":46}},"9":{"start":{"line":10,"column":0},"end":{"line":10,"column":31}},"10":{"start":{"line":11,"column":0},"end":{"line":11,"column":36}},"11":{"start":{"line":12,"column":0},"end":{"line":12,"column":30}},"12":{"start":{"line":13,"column":0},"end":{"line":13,"column":2}},"14":{"start":{"line":15,"column":0},"end":{"line":15,"column":33}},"15":{"start":{"line":16,"column":0},"end":{"line":16,"column":10}},"16":{"start":{"line":17,"column":0},"end":{"line":17,"column":6}},"17":{"start":{"line":18,"column":0},"end":{"line":18,"column":33}},"18":{"start":{"line":19,"column":0},"end":{"line":19,"column":23}},"19":{"start":{"line":20,"column":0},"end":{"line":20,"column":9}},"20":{"start":{"line":21,"column":0},"end":{"line":21,"column":67}},"22":{"start":{"line":23,"column":0},"end":{"line":23,"column":22}},"23":{"start":{"line":24,"column":0},"end":{"line":24,"column":27}},"24":{"start":{"line":25,"column":0},"end":{"line":25,"column":35}},"25":{"start":{"line":26,"column":0},"end":{"line":26,"column":36}},"35":{"start":{"line":36,"column":0},"end":{"line":36,"column":1}}},"s":{"0":1,"7":1,"8":1,"9":1,"10":1,"11":1,"12":1,"14":1,"15":3,"16":3,"17":3,"18":3,"19":3,"20":3,"22":3,"23":3,"24":3,"25":3,"35":3},"branchMap":{"0":{"type":"branch","line":15,"loc":{"start":{"line":15,"column":7},"end":{"line":36,"column":1}},"locations":[{"start":{"line":15,"column":7},"end":{"line":36,"column":1}}]}},"b":{"0":[3]},"fnMap":{"0":{"name":"FirstStepsApp","decl":{"start":{"line":15,"column":7},"end":{"line":36,"column":1}},"loc":{"start":{"line":15,"column":7},"end":{"line":36,"column":1}},"line":15}},"f":{"0":3}}
,"D:\\Documentos\\Programacion\\react_curso\\02-first-steps\\src\\main.tsx": {"path":"D:\\Documentos\\Programacion\\react_curso\\02-first-steps\\src\\main.tsx","all":true,"statementMap":{"0":{"start":{"line":1,"column":0},"end":{"line":1,"column":35}},"1":{"start":{"line":2,"column":0},"end":{"line":2,"column":46}},"2":{"start":{"line":3,"column":0},"end":{"line":3,"column":48}},"3":{"start":{"line":4,"column":0},"end":{"line":4,"column":49}},"5":{"start":{"line":6,"column":0},"end":{"line":6,"column":52}},"6":{"start":{"line":7,"column":0},"end":{"line":7,"column":14}},"7":{"start":{"line":8,"column":0},"end":{"line":8,"column":21}}},"s":{"0":0,"1":0,"2":0,"3":0,"5":0,"6":0,"7":0},"branchMap":{"0":{"type":"branch","line":1,"loc":{"start":{"line":1,"column":320},"end":{"line":11,"column":2}},"locations":[{"start":{"line":1,"column":320},"end":{"line":11,"column":2}}]}},"b":{"0":[0]},"fnMap":{"0":{"name":"(empty-report)","decl":{"start":{"line":1,"column":320},"end":{"line":11,"column":2}},"loc":{"start":{"line":1,"column":320},"end":{"line":11,"column":2}},"line":1}},"f":{"0":0}}
,"D:\\Documentos\\Programacion\\react_curso\\02-first-steps\\src\\helpers\\math.helper.ts": {"path":"D:\\Documentos\\Programacion\\react_curso\\02-first-steps\\src\\helpers\\math.helper.ts","all":false,"statementMap":{"0":{"start":{"line":1,"column":0},"end":{"line":1,"column":51}},"1":{"start":{"line":2,"column":0},"end":{"line":2,"column":56}},"2":{"start":{"line":3,"column":0},"end":{"line":3,"column":56}},"3":{"start":{"line":4,"column":0},"end":{"line":4,"column":54}}},"s":{"0":1,"1":1,"2":1,"3":1},"branchMap":{"0":{"type":"branch","line":1,"loc":{"start":{"line":1,"column":19},"end":{"line":1,"column":51}},"locations":[{"start":{"line":1,"column":19},"end":{"line":1,"column":51}}]},"1":{"type":"branch","line":2,"loc":{"start":{"line":2,"column":24},"end":{"line":2,"column":56}},"locations":[{"start":{"line":2,"column":24},"end":{"line":2,"column":56}}]},"2":{"type":"branch","line":3,"loc":{"start":{"line":3,"column":24},"end":{"line":3,"column":56}},"locations":[{"start":{"line":3,"column":24},"end":{"line":3,"column":56}}]},"3":{"type":"branch","line":4,"loc":{"start":{"line":4,"column":22},"end":{"line":4,"column":54}},"locations":[{"start":{"line":4,"column":22},"end":{"line":4,"column":54}}]}},"b":{"0":[2],"1":[2],"2":[2],"3":[2]},"fnMap":{"0":{"name":"add","decl":{"start":{"line":1,"column":19},"end":{"line":1,"column":51}},"loc":{"start":{"line":1,"column":19},"end":{"line":1,"column":51}},"line":1},"1":{"name":"subtract","decl":{"start":{"line":2,"column":24},"end":{"line":2,"column":56}},"loc":{"start":{"line":2,"column":24},"end":{"line":2,"column":56}},"line":2},"2":{"name":"multiply","decl":{"start":{"line":3,"column":24},"end":{"line":3,"column":56}},"loc":{"start":{"line":3,"column":24},"end":{"line":3,"column":56}},"line":3},"3":{"name":"divide","decl":{"start":{"line":4,"column":22},"end":{"line":4,"column":54}},"loc":{"start":{"line":4,"column":22},"end":{"line":4,"column":54}},"line":4}},"f":{"0":2,"1":2,"2":2,"3":2}}
,"D:\\Documentos\\Programacion\\react_curso\\02-first-steps\\src\\shopping-cart\\ItemCounter.tsx": {"path":"D:\\Documentos\\Programacion\\react_curso\\02-first-steps\\src\\shopping-cart\\ItemCounter.tsx","all":false,"statementMap":{"0":{"start":{"line":1,"column":0},"end":{"line":1,"column":33}},"2":{"start":{"line":3,"column":0},"end":{"line":3,"column":30}},"3":{"start":{"line":4,"column":0},"end":{"line":4,"column":46}},"10":{"start":{"line":11,"column":0},"end":{"line":11,"column":70}},"11":{"start":{"line":12,"column":0},"end":{"line":12,"column":10}},"12":{"start":{"line":13,"column":0},"end":{"line":13,"column":47}},"14":{"start":{"line":15,"column":0},"end":{"line":15,"column":12}},"15":{"start":{"line":16,"column":0},"end":{"line":16,"column":27}},"16":{"start":{"line":17,"column":0},"end":{"line":17,"column":24}},"17":{"start":{"line":18,"column":0},"end":{"line":18,"column":4}},"18":{"start":{"line":19,"column":0},"end":{"line":19,"column":30}},"19":{"start":{"line":20,"column":0},"end":{"line":20,"column":28}},"20":{"start":{"line":21,"column":0},"end":{"line":21,"column":24}},"21":{"start":{"line":22,"column":0},"end":{"line":22,"column":4}},"23":{"start":{"line":24,"column":0},"end":{"line":24,"column":13}},"24":{"start":{"line":25,"column":0},"end":{"line":25,"column":10}},"25":{"start":{"line":26,"column":0},"end":{"line":26,"column":40}},"26":{"start":{"line":27,"column":0},"end":{"line":27,"column":11}},"27":{"start":{"line":28,"column":0},"end":{"line":28,"column":35}},"28":{"start":{"line":29,"column":0},"end":{"line":29,"column":56}},"30":{"start":{"line":31,"column":0},"end":{"line":31,"column":21}},"32":{"start":{"line":33,"column":0},"end":{"line":33,"column":45}},"33":{"start":{"line":34,"column":0},"end":{"line":34,"column":26}},"34":{"start":{"line":35,"column":0},"end":{"line":35,"column":48}},"37":{"start":{"line":38,"column":0},"end":{"line":38,"column":2}}},"s":{"0":1,"2":1,"3":1,"10":1,"11":10,"12":10,"14":10,"15":10,"16":1,"17":1,"18":10,"19":2,"20":1,"21":1,"23":10,"24":10,"25":10,"26":10,"27":10,"28":10,"30":10,"32":10,"33":10,"34":10,"37":10},"branchMap":{"0":{"type":"branch","line":11,"loc":{"start":{"line":11,"column":27},"end":{"line":38,"column":2}},"locations":[{"start":{"line":11,"column":27},"end":{"line":38,"column":2}}]},"1":{"type":"branch","line":29,"loc":{"start":{"line":29,"column":34},"end":{"line":29,"column":46}},"locations":[{"start":{"line":29,"column":34},"end":{"line":29,"column":46}}]},"2":{"type":"branch","line":29,"loc":{"start":{"line":29,"column":38},"end":{"line":29,"column":54}},"locations":[{"start":{"line":29,"column":38},"end":{"line":29,"column":54}}]},"3":{"type":"branch","line":16,"loc":{"start":{"line":16,"column":20},"end":{"line":18,"column":4}},"locations":[{"start":{"line":16,"column":20},"end":{"line":18,"column":4}}]},"4":{"type":"branch","line":19,"loc":{"start":{"line":19,"column":23},"end":{"line":22,"column":4}},"locations":[{"start":{"line":19,"column":23},"end":{"line":22,"column":4}}]},"5":{"type":"branch","line":20,"loc":{"start":{"line":20,"column":21},"end":{"line":22,"column":4}},"locations":[{"start":{"line":20,"column":21},"end":{"line":22,"column":4}}]}},"b":{"0":[10],"1":[2],"2":[8],"3":[1],"4":[2],"5":[1]},"fnMap":{"0":{"name":"ItemCounter","decl":{"start":{"line":11,"column":27},"end":{"line":38,"column":2}},"loc":{"start":{"line":11,"column":27},"end":{"line":38,"column":2}},"line":11},"1":{"name":"handleAdd","decl":{"start":{"line":16,"column":20},"end":{"line":18,"column":4}},"loc":{"start":{"line":16,"column":20},"end":{"line":18,"column":4}},"line":16},"2":{"name":"handleRemove","decl":{"start":{"line":19,"column":23},"end":{"line":22,"column":4}},"loc":{"start":{"line":19,"column":23},"end":{"line":22,"column":4}},"line":19}},"f":{"0":10,"1":1,"2":2}}
}
